<?xml version="1.0" encoding="UTF-8"?>
<!-- Generated by org.testng.reporters.JUnitXMLReporter -->
<testsuite ignored="1" hostname="LAPTOP-62C0PDQP" failures="1" tests="1" name="groupingTest" time="49.23" errors="0" timestamp="2024-09-04T14:42:04 IST">
  <testcase classname="testCases.Tc002_LoginTest" name="varified_login_test" time="39.434">
    <failure type="java.lang.AssertionError" message="null">
      <![CDATA[java.lang.AssertionError: null
at testCases.Tc002_LoginTest.varified_login_test(Tc002_LoginTest.java:36)
at java.base/java.util.ArrayList.forEach(ArrayList.java:1596)
... Removed 27 stack frames]]>
    </failure>
  </testcase> <!-- varified_login_test -->
  <testcase classname="testCases.Tc001_AccountRegistationTest" name="Varify_Account_Registation" time="0.0">
    <ignored/>
  </testcase> <!-- Varify_Account_Registation -->
</testsuite> <!-- groupingTest -->
