<?xml version="1.0" encoding="UTF-8"?>
<!-- Generated by org.testng.reporters.JUnitXMLReporter -->
<testsuite ignored="0" hostname="LAPTOP-62C0PDQP" failures="2" tests="2" name="master.xml" time="106.451" errors="0" timestamp="2024-09-04T16:36:55 IST">
  <testcase classname="testCases.Tc001_AccountRegistationTest" name="Varify_Account_Registation" time="46.402">
    <failure type="java.lang.AssertionError" message="null">
      <![CDATA[java.lang.AssertionError: null
at testCases.Tc001_AccountRegistationTest.Varify_Account_Registation(Tc001_AccountRegistationTest.java:39)
at java.base/java.util.ArrayList.forEach(ArrayList.java:1596)
... Removed 27 stack frames]]>
    </failure>
  </testcase> <!-- Varify_Account_Registation -->
  <testcase classname="testCases.Tc002_LoginTest" name="varified_login_test" time="42.902">
    <failure type="java.lang.AssertionError" message="null">
      <![CDATA[java.lang.AssertionError: null
at testCases.Tc002_LoginTest.varified_login_test(Tc002_LoginTest.java:36)
at java.base/java.util.ArrayList.forEach(ArrayList.java:1596)
... Removed 27 stack frames]]>
    </failure>
  </testcase> <!-- varified_login_test -->
</testsuite> <!-- master.xml -->
